2023-03-08 19:01:06,316 - INFO - NewPersonnel : Personnel has been found!
2023-03-09 12:03:46,530 - INFO - NewPersonnel : Personnel has been found!
2023-03-09 13:53:56,527 - INFO - NewPersonnel : Personnel has been found!
2023-03-09 13:55:26,738 - INFO - NewPersonnel : Personnel has been found!
2023-03-09 13:57:43,032 - INFO - NewPersonnel : Personnel has been found!
2023-03-09 14:01:44,649 - INFO - NewPersonnel : Personnel has been found!
2023-03-09 14:02:43,502 - INFO - NewPersonnel : Personnel has been found!
2023-03-09 14:10:28,673 - ERROR - NewPersonnel : Failed
Traceback (most recent call last):
  File "/Users/vjosaxhaferi/PycharmProjects/LightningBolt_Setup/pageObjects/PersonnelPage.py", line 35, in AddNewPersonnel
    assert self.driver.current_url == "https://www.notion.so/"
AssertionError
2023-03-09 14:22:44,725 - ERROR - NewPersonnel : Item 'Ken Adams' not found in table
Traceback (most recent call last):
  File "/Users/vjosaxhaferi/PycharmProjects/LightningBolt_Setup/pageObjects/PersonnelPage.py", line 35, in AddNewPersonnel
    assert self.driver.current_url == "test"
AssertionError
2023-03-14 20:12:58,978 - INFO - NewDepartment : Department has been found!
2023-03-14 20:20:06,494 - INFO - NewDepartment : Department has been found!
2023-03-14 20:20:40,677 - INFO - NewPersonnel : Personnel has been found!
2023-03-14 20:32:33,326 - INFO - NewDepartment : Department has been found!
2023-03-14 20:33:15,248 - INFO - NewPersonnel : Personnel has been found!
2023-03-14 20:37:52,285 - INFO - NewDepartment : Department has been found!
2023-03-14 20:41:29,836 - INFO - NewDepartment : Department has been found!
2023-03-15 13:53:58,828 - INFO - NewDepartment : Department has been found!
2023-03-15 14:04:13,120 - INFO - NewDepartment : Department has been found!
